0 info it worked if it ends with ok
1 verbose cli [ 'node', '/home/davidg/.nvm/v0.10.26/bin/npm', 'init' ]
2 info using npm@2.0.0
3 info using node@v0.10.26
4 silly package data undefined
5 info init written successfully
6 verbose stack Error: Invalid name: "Budget App"
6 verbose stack     at ensureValidName (/home/davidg/.nvm/v0.10.26/lib/node_modules/npm/node_modules/normalize-package-data/lib/fixer.js:315:15)
6 verbose stack     at Object.module.exports.fixNameField (/home/davidg/.nvm/v0.10.26/lib/node_modules/npm/node_modules/normalize-package-data/lib/fixer.js:204:5)
6 verbose stack     at /home/davidg/.nvm/v0.10.26/lib/node_modules/npm/node_modules/normalize-package-data/lib/normalize.js:30:38
6 verbose stack     at Array.forEach (native)
6 verbose stack     at normalize (/home/davidg/.nvm/v0.10.26/lib/node_modules/npm/node_modules/normalize-package-data/lib/normalize.js:29:15)
6 verbose stack     at final (/home/davidg/.nvm/v0.10.26/lib/node_modules/npm/node_modules/read-package-json/read-json.js:342:33)
6 verbose stack     at then (/home/davidg/.nvm/v0.10.26/lib/node_modules/npm/node_modules/read-package-json/read-json.js:126:33)
6 verbose stack     at /home/davidg/.nvm/v0.10.26/lib/node_modules/npm/node_modules/read-package-json/read-json.js:316:48
6 verbose stack     at evalmachine.<anonymous>:207:20
6 verbose stack     at OpenReq.Req.done (/home/davidg/.nvm/v0.10.26/lib/node_modules/npm/node_modules/graceful-fs/graceful-fs.js:141:5)
7 verbose cwd /home/davidg/Projects/budget
8 error Linux 3.17.6-1-ARCH
9 error argv "node" "/home/davidg/.nvm/v0.10.26/bin/npm" "init"
10 error node v0.10.26
11 error npm  v2.0.0
12 error Invalid name: "Budget App"
13 error If you need help, you may report this error at:
13 error     <http://github.com/npm/npm/issues>
14 verbose exit [ 1, true ]
